<?xml version="1.0" encoding="UTF-8"?>
<testsuite name="VowelReplacementTest" tests="1" skipped="0" failures="0" errors="0" timestamp="2016-04-22T15:42:59" hostname="Noah-Kittlesons-MacBook-Pro.local" time="0.003">
  <properties/>
  <testcase name="convertString_ReceivesInputWithNothingToReplace_String" classname="VowelReplacementTest" time="0.003"/>
  <system-out><![CDATA[]]></system-out>
  <system-err><![CDATA[]]></system-err>
</testsuite>
