<?xml version="1.0" encoding="UTF-8"?>
<testsuite name="VowelReplacementTest" tests="6" skipped="0" failures="0" errors="0" timestamp="2016-04-22T20:55:24" hostname="Noah-Kittlesons-MacBook-Pro.local" time="0.01">
  <properties/>
  <testcase name="convertString_ReplacesAsAndEs_String" classname="VowelReplacementTest" time="0.001"/>
  <testcase name="convertString_ReceivesInputWithNothingToReplace_String" classname="VowelReplacementTest" time="0.003"/>
  <testcase name="convertString_ReplacesUpperAndLowerCaseVowels_String" classname="VowelReplacementTest" time="0.001"/>
  <testcase name="convertString_ReplacesAllVowelsButNotY_String" classname="VowelReplacementTest" time="0.001"/>
  <testcase name="convertString_ReplacesOneLetterInOneLetterWord_String" classname="VowelReplacementTest" time="0.0"/>
  <testcase name="convertString_ReplacesMultipleAsInAWord_String" classname="VowelReplacementTest" time="0.0"/>
  <system-out><![CDATA[]]></system-out>
  <system-err><![CDATA[]]></system-err>
</testsuite>
