<?xml version="1.0" encoding="UTF-8"?>
<testsuite name="VowelReplacementTest" tests="3" skipped="0" failures="0" errors="0" timestamp="2016-04-22T17:11:12" hostname="Noah-Kittlesons-MacBook-Pro.local" time="0.011">
  <properties/>
  <testcase name="convertString_ReceivesInputWithNothingToReplace_String" classname="VowelReplacementTest" time="0.003"/>
  <testcase name="convertString_ReplacesOneLetterInOneLetterWord_String" classname="VowelReplacementTest" time="0.0"/>
  <testcase name="convertString_ReplacesMultipleAsInAWord_String" classname="VowelReplacementTest" time="0.001"/>
  <system-out><![CDATA[]]></system-out>
  <system-err><![CDATA[]]></system-err>
</testsuite>
